#! /usr/bin/vvp
:ivl_version "12.0 (stable)";
:ivl_delay_selection "TYPICAL";
:vpi_time_precision + 0;
:vpi_module "/usr/lib/x86_64-linux-gnu/ivl/system.vpi";
:vpi_module "/usr/lib/x86_64-linux-gnu/ivl/vhdl_sys.vpi";
:vpi_module "/usr/lib/x86_64-linux-gnu/ivl/vhdl_textio.vpi";
:vpi_module "/usr/lib/x86_64-linux-gnu/ivl/v2005_math.vpi";
:vpi_module "/usr/lib/x86_64-linux-gnu/ivl/va_math.vpi";
S_0x641cbb121490 .scope module, "find_pattern" "find_pattern" 2 1;
 .timescale 0 0;
    .port_info 0 /INPUT 1 "clk";
    .port_info 1 /INPUT 1 "reset";
    .port_info 2 /INPUT 1 "in_bit";
    .port_info 3 /OUTPUT 1 "detected";
P_0x641cbb121620 .param/l "S0" 1 2 6, C4<00>;
P_0x641cbb121660 .param/l "S1" 1 2 7, C4<01>;
P_0x641cbb1216a0 .param/l "S2" 1 2 8, C4<10>;
o0x71d92f1cf018 .functor BUFZ 1, C4<z>; HiZ drive
v0x641cbb121870_0 .net "clk", 0 0, o0x71d92f1cf018;  0 drivers
v0x641cbb16d550_0 .var "detected", 0 0;
o0x71d92f1cf078 .functor BUFZ 1, C4<z>; HiZ drive
v0x641cbb16d610_0 .net "in_bit", 0 0, o0x71d92f1cf078;  0 drivers
v0x641cbb16d6e0_0 .var "next_state", 1 0;
o0x71d92f1cf0d8 .functor BUFZ 1, C4<z>; HiZ drive
v0x641cbb16d7c0_0 .net "reset", 0 0, o0x71d92f1cf0d8;  0 drivers
v0x641cbb16d8d0_0 .var "state", 1 0;
E_0x641cbb15aaa0 .event anyedge, v0x641cbb16d8d0_0, v0x641cbb16d610_0;
E_0x641cbb121b60 .event posedge, v0x641cbb16d7c0_0, v0x641cbb121870_0;
    .scope S_0x641cbb121490;
T_0 ;
    %wait E_0x641cbb121b60;
    %load/vec4 v0x641cbb16d7c0_0;
    %flag_set/vec4 8;
    %jmp/0xz  T_0.0, 8;
    %pushi/vec4 0, 0, 2;
    %assign/vec4 v0x641cbb16d8d0_0, 0;
    %jmp T_0.1;
T_0.0 ;
    %load/vec4 v0x641cbb16d6e0_0;
    %assign/vec4 v0x641cbb16d8d0_0, 0;
T_0.1 ;
    %jmp T_0;
    .thread T_0;
    .scope S_0x641cbb121490;
T_1 ;
    %wait E_0x641cbb15aaa0;
    %pushi/vec4 0, 0, 1;
    %store/vec4 v0x641cbb16d550_0, 0, 1;
    %load/vec4 v0x641cbb16d8d0_0;
    %dup/vec4;
    %pushi/vec4 0, 0, 2;
    %cmp/u;
    %jmp/1 T_1.0, 6;
    %dup/vec4;
    %pushi/vec4 1, 0, 2;
    %cmp/u;
    %jmp/1 T_1.1, 6;
    %dup/vec4;
    %pushi/vec4 2, 0, 2;
    %cmp/u;
    %jmp/1 T_1.2, 6;
    %pushi/vec4 0, 0, 2;
    %store/vec4 v0x641cbb16d6e0_0, 0, 2;
    %jmp T_1.4;
T_1.0 ;
    %load/vec4 v0x641cbb16d610_0;
    %flag_set/vec4 8;
    %jmp/0xz  T_1.5, 8;
    %pushi/vec4 1, 0, 2;
    %store/vec4 v0x641cbb16d6e0_0, 0, 2;
    %jmp T_1.6;
T_1.5 ;
    %pushi/vec4 0, 0, 2;
    %store/vec4 v0x641cbb16d6e0_0, 0, 2;
T_1.6 ;
    %jmp T_1.4;
T_1.1 ;
    %load/vec4 v0x641cbb16d610_0;
    %flag_set/vec4 8;
    %jmp/0xz  T_1.7, 8;
    %pushi/vec4 2, 0, 2;
    %store/vec4 v0x641cbb16d6e0_0, 0, 2;
    %pushi/vec4 1, 0, 1;
    %store/vec4 v0x641cbb16d550_0, 0, 1;
    %jmp T_1.8;
T_1.7 ;
    %pushi/vec4 0, 0, 2;
    %store/vec4 v0x641cbb16d6e0_0, 0, 2;
T_1.8 ;
    %jmp T_1.4;
T_1.2 ;
    %load/vec4 v0x641cbb16d610_0;
    %flag_set/vec4 8;
    %jmp/0xz  T_1.9, 8;
    %pushi/vec4 2, 0, 2;
    %store/vec4 v0x641cbb16d6e0_0, 0, 2;
    %pushi/vec4 1, 0, 1;
    %store/vec4 v0x641cbb16d550_0, 0, 1;
    %jmp T_1.10;
T_1.9 ;
    %pushi/vec4 1, 0, 2;
    %store/vec4 v0x641cbb16d6e0_0, 0, 2;
T_1.10 ;
    %jmp T_1.4;
T_1.4 ;
    %pop/vec4 1;
    %jmp T_1;
    .thread T_1, $push;
# The file index is used to find the file name in the following table.
:file_names 3;
    "N/A";
    "<interactive>";
    "find_pattern.v";
