#! /usr/bin/vvp
:ivl_version "12.0 (stable)";
:ivl_delay_selection "TYPICAL";
:vpi_time_precision - 12;
:vpi_module "/usr/lib/x86_64-linux-gnu/ivl/system.vpi";
:vpi_module "/usr/lib/x86_64-linux-gnu/ivl/vhdl_sys.vpi";
:vpi_module "/usr/lib/x86_64-linux-gnu/ivl/vhdl_textio.vpi";
:vpi_module "/usr/lib/x86_64-linux-gnu/ivl/v2005_math.vpi";
:vpi_module "/usr/lib/x86_64-linux-gnu/ivl/va_math.vpi";
S_0x59d363067fd0 .scope module, "find_pattern_tb" "find_pattern_tb" 2 5;
 .timescale -9 -12;
v0x59d36307e420_0 .var "clk", 0 0;
v0x59d36307e4e0_0 .net "detected", 0 0, v0x59d36307df40_0;  1 drivers
v0x59d36307e5b0_0 .var "in_bit", 0 0;
v0x59d36307e6b0_0 .var "reset", 0 0;
S_0x59d363068160 .scope module, "uut" "find_pattern" 2 10, 3 1 0, S_0x59d363067fd0;
 .timescale -9 -12;
    .port_info 0 /INPUT 1 "clk";
    .port_info 1 /INPUT 1 "reset";
    .port_info 2 /INPUT 1 "in_bit";
    .port_info 3 /OUTPUT 1 "detected";
P_0x59d363068340 .param/l "S0" 1 3 6, C4<00>;
P_0x59d363068380 .param/l "S1" 1 3 7, C4<01>;
P_0x59d3630683c0 .param/l "S2" 1 3 8, C4<10>;
v0x59d36302b630_0 .net "clk", 0 0, v0x59d36307e420_0;  1 drivers
v0x59d36307df40_0 .var "detected", 0 0;
v0x59d36307e000_0 .net "in_bit", 0 0, v0x59d36307e5b0_0;  1 drivers
v0x59d36307e0d0_0 .var "next_state", 1 0;
v0x59d36307e1b0_0 .net "reset", 0 0, v0x59d36307e6b0_0;  1 drivers
v0x59d36307e2c0_0 .var "state", 1 0;
E_0x59d363064b00 .event anyedge, v0x59d36307e2c0_0, v0x59d36307e000_0;
E_0x59d36302bbc0 .event posedge, v0x59d36307e1b0_0, v0x59d36302b630_0;
    .scope S_0x59d363068160;
T_0 ;
    %wait E_0x59d36302bbc0;
    %load/vec4 v0x59d36307e1b0_0;
    %flag_set/vec4 8;
    %jmp/0xz  T_0.0, 8;
    %pushi/vec4 0, 0, 2;
    %assign/vec4 v0x59d36307e2c0_0, 0;
    %jmp T_0.1;
T_0.0 ;
    %load/vec4 v0x59d36307e0d0_0;
    %assign/vec4 v0x59d36307e2c0_0, 0;
T_0.1 ;
    %jmp T_0;
    .thread T_0;
    .scope S_0x59d363068160;
T_1 ;
    %wait E_0x59d363064b00;
    %pushi/vec4 0, 0, 1;
    %store/vec4 v0x59d36307df40_0, 0, 1;
    %load/vec4 v0x59d36307e2c0_0;
    %dup/vec4;
    %pushi/vec4 0, 0, 2;
    %cmp/u;
    %jmp/1 T_1.0, 6;
    %dup/vec4;
    %pushi/vec4 1, 0, 2;
    %cmp/u;
    %jmp/1 T_1.1, 6;
    %dup/vec4;
    %pushi/vec4 2, 0, 2;
    %cmp/u;
    %jmp/1 T_1.2, 6;
    %pushi/vec4 0, 0, 2;
    %store/vec4 v0x59d36307e0d0_0, 0, 2;
    %jmp T_1.4;
T_1.0 ;
    %load/vec4 v0x59d36307e000_0;
    %flag_set/vec4 8;
    %jmp/0xz  T_1.5, 8;
    %pushi/vec4 1, 0, 2;
    %store/vec4 v0x59d36307e0d0_0, 0, 2;
    %jmp T_1.6;
T_1.5 ;
    %pushi/vec4 0, 0, 2;
    %store/vec4 v0x59d36307e0d0_0, 0, 2;
T_1.6 ;
    %jmp T_1.4;
T_1.1 ;
    %load/vec4 v0x59d36307e000_0;
    %flag_set/vec4 8;
    %jmp/0xz  T_1.7, 8;
    %pushi/vec4 2, 0, 2;
    %store/vec4 v0x59d36307e0d0_0, 0, 2;
    %pushi/vec4 1, 0, 1;
    %store/vec4 v0x59d36307df40_0, 0, 1;
    %jmp T_1.8;
T_1.7 ;
    %pushi/vec4 0, 0, 2;
    %store/vec4 v0x59d36307e0d0_0, 0, 2;
T_1.8 ;
    %jmp T_1.4;
T_1.2 ;
    %load/vec4 v0x59d36307e000_0;
    %flag_set/vec4 8;
    %jmp/0xz  T_1.9, 8;
    %pushi/vec4 2, 0, 2;
    %store/vec4 v0x59d36307e0d0_0, 0, 2;
    %pushi/vec4 1, 0, 1;
    %store/vec4 v0x59d36307df40_0, 0, 1;
    %jmp T_1.10;
T_1.9 ;
    %pushi/vec4 1, 0, 2;
    %store/vec4 v0x59d36307e0d0_0, 0, 2;
T_1.10 ;
    %jmp T_1.4;
T_1.4 ;
    %pop/vec4 1;
    %jmp T_1;
    .thread T_1, $push;
    .scope S_0x59d363067fd0;
T_2 ;
    %delay 5000, 0;
    %load/vec4 v0x59d36307e420_0;
    %inv;
    %store/vec4 v0x59d36307e420_0, 0, 1;
    %jmp T_2;
    .thread T_2;
    .scope S_0x59d363067fd0;
T_3 ;
    %vpi_call 2 15 "$dumpfile", "find_pattern.vcd" {0 0 0};
    %vpi_call 2 16 "$dumpvars", 32'sb00000000000000000000000000000000, S_0x59d363067fd0 {0 0 0};
    %delay 10000, 0;
    %pushi/vec4 1, 0, 1;
    %store/vec4 v0x59d36307e5b0_0, 0, 1;
    %delay 10000, 0;
    %pushi/vec4 0, 0, 1;
    %store/vec4 v0x59d36307e5b0_0, 0, 1;
    %delay 10000, 0;
    %pushi/vec4 1, 0, 1;
    %store/vec4 v0x59d36307e5b0_0, 0, 1;
    %delay 10000, 0;
    %pushi/vec4 1, 0, 1;
    %store/vec4 v0x59d36307e5b0_0, 0, 1;
    %delay 10000, 0;
    %pushi/vec4 0, 0, 1;
    %store/vec4 v0x59d36307e5b0_0, 0, 1;
    %delay 10000, 0;
    %pushi/vec4 1, 0, 1;
    %store/vec4 v0x59d36307e5b0_0, 0, 1;
    %delay 10000, 0;
    %pushi/vec4 1, 0, 1;
    %store/vec4 v0x59d36307e5b0_0, 0, 1;
    %delay 10000, 0;
    %pushi/vec4 1, 0, 1;
    %store/vec4 v0x59d36307e5b0_0, 0, 1;
    %delay 50000, 0;
    %vpi_call 2 27 "$finish" {0 0 0};
    %end;
    .thread T_3;
    .scope S_0x59d363067fd0;
T_4 ;
    %vpi_call 2 31 "$monitor", "Time=%0t | in=%b | detected=%b", $time, v0x59d36307e5b0_0, v0x59d36307e4e0_0 {0 0 0};
    %end;
    .thread T_4;
# The file index is used to find the file name in the following table.
:file_names 4;
    "N/A";
    "<interactive>";
    "find_pattern_tb.v";
    "./find_pattern.v";
